0 info it worked if it ends with ok
1 verbose cli [ '/Users/rotzoll/.nvm/versions/node/v6.9.5/bin/node',
1 verbose cli   '/Users/rotzoll/.nvm/versions/node/v6.9.5/bin/npm',
1 verbose cli   'install',
1 verbose cli   'androd',
1 verbose cli   '--production',
1 verbose cli   '--save-exact' ]
2 info using npm@3.10.10
3 info using node@v6.9.5
4 silly loadCurrentTree Starting
5 silly install loadCurrentTree
6 silly install readLocalPackageData
7 silly fetchPackageMetaData androd
8 silly fetchNamedPackageData androd
9 silly mapToRegistry name androd
10 silly mapToRegistry using default registry
11 silly mapToRegistry registry https://registry.npmjs.org/
12 silly mapToRegistry data Result {
12 silly mapToRegistry   raw: 'androd',
12 silly mapToRegistry   scope: null,
12 silly mapToRegistry   escapedName: 'androd',
12 silly mapToRegistry   name: 'androd',
12 silly mapToRegistry   rawSpec: '',
12 silly mapToRegistry   spec: 'latest',
12 silly mapToRegistry   type: 'tag' }
13 silly mapToRegistry uri https://registry.npmjs.org/androd
14 verbose request uri https://registry.npmjs.org/androd
15 verbose request no auth needed
16 info attempt registry request try #1 at 17:03:09
17 verbose request id b81c9c6c3be71dac
18 http request GET https://registry.npmjs.org/androd
19 http 404 https://registry.npmjs.org/androd
20 verbose headers { 'content-type': 'application/json',
20 verbose headers   'cache-control': 'max-age=0',
20 verbose headers   'content-length': '2',
20 verbose headers   'accept-ranges': 'bytes',
20 verbose headers   date: 'Tue, 23 Jan 2018 16:03:11 GMT',
20 verbose headers   via: '1.1 varnish',
20 verbose headers   connection: 'keep-alive',
20 verbose headers   'x-served-by': 'cache-bma7030-BMA',
20 verbose headers   'x-cache': 'MISS',
20 verbose headers   'x-cache-hits': '0',
20 verbose headers   'x-timer': 'S1516723390.053046,VS0,VE1891',
20 verbose headers   vary: 'Accept-Encoding' }
21 silly get cb [ 404,
21 silly get   { 'content-type': 'application/json',
21 silly get     'cache-control': 'max-age=0',
21 silly get     'content-length': '2',
21 silly get     'accept-ranges': 'bytes',
21 silly get     date: 'Tue, 23 Jan 2018 16:03:11 GMT',
21 silly get     via: '1.1 varnish',
21 silly get     connection: 'keep-alive',
21 silly get     'x-served-by': 'cache-bma7030-BMA',
21 silly get     'x-cache': 'MISS',
21 silly get     'x-cache-hits': '0',
21 silly get     'x-timer': 'S1516723390.053046,VS0,VE1891',
21 silly get     vary: 'Accept-Encoding' } ]
22 silly fetchPackageMetaData Error: Registry returned 404 for GET on https://registry.npmjs.org/androd
22 silly fetchPackageMetaData     at makeError (/Users/rotzoll/.nvm/versions/node/v6.9.5/lib/node_modules/npm/node_modules/npm-registry-client/lib/request.js:302:12)
22 silly fetchPackageMetaData     at CachingRegistryClient.<anonymous> (/Users/rotzoll/.nvm/versions/node/v6.9.5/lib/node_modules/npm/node_modules/npm-registry-client/lib/request.js:280:14)
22 silly fetchPackageMetaData     at Request._callback (/Users/rotzoll/.nvm/versions/node/v6.9.5/lib/node_modules/npm/node_modules/npm-registry-client/lib/request.js:210:14)
22 silly fetchPackageMetaData     at Request.self.callback (/Users/rotzoll/.nvm/versions/node/v6.9.5/lib/node_modules/npm/node_modules/request/request.js:187:22)
22 silly fetchPackageMetaData     at emitTwo (events.js:106:13)
22 silly fetchPackageMetaData     at Request.emit (events.js:191:7)
22 silly fetchPackageMetaData     at Request.<anonymous> (/Users/rotzoll/.nvm/versions/node/v6.9.5/lib/node_modules/npm/node_modules/request/request.js:1048:10)
22 silly fetchPackageMetaData     at emitOne (events.js:96:13)
22 silly fetchPackageMetaData     at Request.emit (events.js:188:7)
22 silly fetchPackageMetaData     at IncomingMessage.<anonymous> (/Users/rotzoll/.nvm/versions/node/v6.9.5/lib/node_modules/npm/node_modules/request/request.js:969:12)
22 silly fetchPackageMetaData  error for androd { Error: Registry returned 404 for GET on https://registry.npmjs.org/androd
22 silly fetchPackageMetaData     at makeError (/Users/rotzoll/.nvm/versions/node/v6.9.5/lib/node_modules/npm/node_modules/npm-registry-client/lib/request.js:302:12)
22 silly fetchPackageMetaData     at CachingRegistryClient.<anonymous> (/Users/rotzoll/.nvm/versions/node/v6.9.5/lib/node_modules/npm/node_modules/npm-registry-client/lib/request.js:280:14)
22 silly fetchPackageMetaData     at Request._callback (/Users/rotzoll/.nvm/versions/node/v6.9.5/lib/node_modules/npm/node_modules/npm-registry-client/lib/request.js:210:14)
22 silly fetchPackageMetaData     at Request.self.callback (/Users/rotzoll/.nvm/versions/node/v6.9.5/lib/node_modules/npm/node_modules/request/request.js:187:22)
22 silly fetchPackageMetaData     at emitTwo (events.js:106:13)
22 silly fetchPackageMetaData     at Request.emit (events.js:191:7)
22 silly fetchPackageMetaData     at Request.<anonymous> (/Users/rotzoll/.nvm/versions/node/v6.9.5/lib/node_modules/npm/node_modules/request/request.js:1048:10)
22 silly fetchPackageMetaData     at emitOne (events.js:96:13)
22 silly fetchPackageMetaData     at Request.emit (events.js:188:7)
22 silly fetchPackageMetaData     at IncomingMessage.<anonymous> (/Users/rotzoll/.nvm/versions/node/v6.9.5/lib/node_modules/npm/node_modules/request/request.js:969:12) pkgid: 'androd', statusCode: 404, code: 'E404' }
23 silly rollbackFailedOptional Starting
24 silly rollbackFailedOptional Finishing
25 silly runTopLevelLifecycles Finishing
26 silly install printInstalled
27 verbose stack Error: Registry returned 404 for GET on https://registry.npmjs.org/androd
27 verbose stack     at makeError (/Users/rotzoll/.nvm/versions/node/v6.9.5/lib/node_modules/npm/node_modules/npm-registry-client/lib/request.js:302:12)
27 verbose stack     at CachingRegistryClient.<anonymous> (/Users/rotzoll/.nvm/versions/node/v6.9.5/lib/node_modules/npm/node_modules/npm-registry-client/lib/request.js:280:14)
27 verbose stack     at Request._callback (/Users/rotzoll/.nvm/versions/node/v6.9.5/lib/node_modules/npm/node_modules/npm-registry-client/lib/request.js:210:14)
27 verbose stack     at Request.self.callback (/Users/rotzoll/.nvm/versions/node/v6.9.5/lib/node_modules/npm/node_modules/request/request.js:187:22)
27 verbose stack     at emitTwo (events.js:106:13)
27 verbose stack     at Request.emit (events.js:191:7)
27 verbose stack     at Request.<anonymous> (/Users/rotzoll/.nvm/versions/node/v6.9.5/lib/node_modules/npm/node_modules/request/request.js:1048:10)
27 verbose stack     at emitOne (events.js:96:13)
27 verbose stack     at Request.emit (events.js:188:7)
27 verbose stack     at IncomingMessage.<anonymous> (/Users/rotzoll/.nvm/versions/node/v6.9.5/lib/node_modules/npm/node_modules/request/request.js:969:12)
28 verbose statusCode 404
29 verbose pkgid androd
30 verbose cwd /Users/rotzoll/Documents/GitWorkspace/metaventis/edu-sharing-app
31 error Darwin 17.3.0
32 error argv "/Users/rotzoll/.nvm/versions/node/v6.9.5/bin/node" "/Users/rotzoll/.nvm/versions/node/v6.9.5/bin/npm" "install" "androd" "--production" "--save-exact"
33 error node v6.9.5
34 error npm  v3.10.10
35 error code E404
36 error 404 Registry returned 404 for GET on https://registry.npmjs.org/androd
37 error 404
38 error 404 'androd' is not in the npm registry.
39 error 404 You should bug the author to publish it (or use the name yourself!)
40 error 404 Note that you can also install from a
41 error 404 tarball, folder, http url, or git url.
42 verbose exit [ 1, true ]
